Using pre-set license
Built from '2020.3/staging' branch; Version is '2020.3.13f1 (71691879b7f5) revision 7432472'; Using compiler version '192528614'; Build Type 'Release'
OS: 'Windows 10 Home; OS build 18363.1556; Version 1909; 64bit' Language: 'ko' Physical Memory: 8025 MB
BatchMode: 1, IsHumanControllingUs: 0, StartBugReporterOnCrash: 0, Is64bit: 1, IsPro: 0

 COMMAND LINE ARGUMENTS:
C:\unity r00t\2020.3.13f1\Editor\Unity.exe
-adb2
-batchMode
-noUpm
-name
AssetImportWorker4
-projectPath
D:/2_동아리_Exdio/1_재학생 개발/21_귀여운게좋아/1_개발/01.Dev/Dot-Breeder/dotbreeder
-logFile
Logs/AssetImportWorker4.log
-srvPort
13818
Successfully changed project path to: D:/2_동아리_Exdio/1_재학생 개발/21_귀여운게좋아/1_개발/01.Dev/Dot-Breeder/dotbreeder
D:/2_동아리_Exdio/1_재학생 개발/21_귀여운게좋아/1_개발/01.Dev/Dot-Breeder/dotbreeder
Using Asset Import Pipeline V2.
Refreshing native plugins compatible for Editor in 217.78 ms, found 4 plugins.
Preloading 0 native plugins for Editor in 0.00 ms.
Initialize engine version: 2020.3.13f1 (71691879b7f5)
[Subsystems] Discovering subsystems at path C:/unity r00t/2020.3.13f1/Editor/Data/Resources/UnitySubsystems
[Subsystems] Discovering subsystems at path D:/2_동아리_Exdio/1_재학생 개발/21_귀여운게좋아/1_개발/01.Dev/Dot-Breeder/dotbreeder/Assets
GfxDevice: creating device client; threaded=0
Direct3D:
    Version:  Direct3D 11.0 [level 11.1]
    Renderer: Intel(R) UHD Graphics 620 (ID=0x5917)
    Vendor:   
    VRAM:     4012 MB
    Driver:   25.20.100.6577
Initialize mono
Mono path[0] = 'C:/unity r00t/2020.3.13f1/Editor/Data/Managed'
Mono path[1] = 'C:/unity r00t/2020.3.13f1/Editor/Data/MonoBleedingEdge/lib/mono/unityjit'
Mono config path = 'C:/unity r00t/2020.3.13f1/Editor/Data/MonoBleedingEdge/etc'
Using monoOptions --debugger-agent=transport=dt_socket,embedding=1,server=y,suspend=n,address=127.0.0.1:56556
Begin MonoManager ReloadAssembly
Registering precompiled unity dll's ...
Register platform support module: C:/unity r00t/2020.3.13f1/Editor/Data/PlaybackEngines/WindowsStandaloneSupport/UnityEditor.WindowsStandalone.Extensions.dll
Registered in 0.006691 seconds.
Native extension for WindowsStandalone target not found
Refreshing native plugins compatible for Editor in 88.02 ms, found 4 plugins.
Preloading 0 native plugins for Editor in 0.00 ms.
Mono: successfully reloaded assembly
- Completed reload, in  7.048 seconds
Platform modules already initialized, skipping
Registering precompiled user dll's ...
Registered in 0.181732 seconds.
Begin MonoManager ReloadAssembly
Native extension for WindowsStandalone target not found
Refreshing native plugins compatible for Editor in 89.26 ms, found 4 plugins.
Preloading 0 native plugins for Editor in 0.00 ms.
Mono: successfully reloaded assembly
- Completed reload, in  7.583 seconds
Platform modules already initialized, skipping
========================================================================
Worker process is ready to serve import requests
Launched and connected shader compiler UnityShaderCompiler.exe after 0.16 seconds
Refreshing native plugins compatible for Editor in 1.04 ms, found 4 plugins.
Preloading 0 native plugins for Editor in 0.00 ms.
Unloading 2573 Unused Serialized files (Serialized files now loaded: 0)
System memory in use before: 122.2 MB.
System memory in use after: 121.2 MB.

Unloading 47 unused Assets to reduce memory usage. Loaded Objects now: 2995.
Total: 5.760700 ms (FindLiveObjects: 0.497700 ms CreateObjectMapping: 0.238900 ms MarkObjects: 3.906600 ms  DeleteObjects: 1.115800 ms)

AssetImportParameters requested are different than current active one (requested -> active):
  custom:framework-win-MediaFoundation: 216162199b28c13a410421893ffa2e32 -> 
  custom:video-decoder-ogg-theora: a1e56fd34408186e4bbccfd4996cb3dc -> 
  custom:container-muxer-webm: aa71ff27fc2769a1b78a27578f13a17b -> 
  custom:container-demuxer-webm: 4f35f7cbe854078d1ac9338744f61a02 -> 
  custom:container-demuxer-ogg: 62fdf1f143b41e24485cea50d1cbac27 -> 
  custom:video-encoder-webm-vp8: eb34c28f22e8b96e1ab97ce403110664 -> 
  custom:video-decoder-webm-vp8: 9c59270c3fd7afecdb556c50c9e8de78 -> 
  custom:audio-decoder-ogg-vorbis: bf7c407c2cedff20999df2af8eb42d56 -> 
  custom:audio-encoder-webm-vorbis: bf7c407c2cedff20999df2af8eb42d56 -> 
========================================================================
Received Import Request.
  path: Assets/Resources
  artifactKey: Guid(9669e2afd1d95eb4f9ab6585fb2b3398) Importer(815301076,1909f56bfc062723c751e8b465ee728b)
Start importing Assets/Resources using Guid(9669e2afd1d95eb4f9ab6585fb2b3398) Importer(815301076,1909f56bfc062723c751e8b465ee728b)  -> (artifact id: 'af68def77b5d4aa898355d0df035894a') in 0.049525 seconds 
  Import took 0.106869 seconds .

========================================================================
Received Import Request.
  Time since last request: 0.000485 seconds.
  path: Assets/Resources/Tiles.png
  artifactKey: Guid(dc747d0a3cdf6594f9f275fdd2a48b4b) Importer(815301076,1909f56bfc062723c751e8b465ee728b)
Start importing Assets/Resources/Tiles.png using Guid(dc747d0a3cdf6594f9f275fdd2a48b4b) Importer(815301076,1909f56bfc062723c751e8b465ee728b)  -> (artifact id: '9e153a8dcb492ec7bf2801d4b16ac445') in 0.461504 seconds 
  Import took 0.486483 seconds .

========================================================================
Received Import Request.
  Time since last request: 0.000607 seconds.
  path: Assets/GameManager.prefab
  artifactKey: Guid(594476d22d779a349bbd376bae7f15de) Importer(815301076,1909f56bfc062723c751e8b465ee728b)
Start importing Assets/GameManager.prefab using Guid(594476d22d779a349bbd376bae7f15de) Importer(815301076,1909f56bfc062723c751e8b465ee728b)  -> (artifact id: '064bda359332753680e1649ad8ac7f61') in 1.486321 seconds 
  Import took 1.497358 seconds .

========================================================================
Received Import Request.
  Time since last request: 0.000568 seconds.
  path: Assets/Prefabs/AI_PixelSpon
  artifactKey: Guid(408851349a6ec8f4599b2dac76299b78) Importer(815301076,1909f56bfc062723c751e8b465ee728b)
Start importing Assets/Prefabs/AI_PixelSpon using Guid(408851349a6ec8f4599b2dac76299b78) Importer(815301076,1909f56bfc062723c751e8b465ee728b)  -> (artifact id: '16425e80035ef150256c28b05c6606fc') in 0.032463 seconds 
  Import took 0.092069 seconds .

========================================================================
Received Import Request.
  Time since last request: 0.000568 seconds.
  path: Assets/Prefabs/AI_PixelSpon/Prefab/Ingredient.prefab
  artifactKey: Guid(9c40b10d6a77de94192a07b5978a9a5d) Importer(815301076,1909f56bfc062723c751e8b465ee728b)
Start importing Assets/Prefabs/AI_PixelSpon/Prefab/Ingredient.prefab using Guid(9c40b10d6a77de94192a07b5978a9a5d) Importer(815301076,1909f56bfc062723c751e8b465ee728b)  -> (artifact id: '2842f07498d7cd3e0a4d720cf94f1cda') in 0.054859 seconds 
  Import took 0.098304 seconds .

========================================================================
Received Import Request.
  Time since last request: 0.001140 seconds.
  path: Assets/Resources/Square.png
  artifactKey: Guid(4f6690ea545eb9845a112d9244ec7cfa) Importer(815301076,1909f56bfc062723c751e8b465ee728b)
Start importing Assets/Resources/Square.png using Guid(4f6690ea545eb9845a112d9244ec7cfa) Importer(815301076,1909f56bfc062723c751e8b465ee728b)  -> (artifact id: '087adddae632259835e1d5586c72a832') in 0.082553 seconds 
  Import took 0.093176 seconds .

========================================================================
Received Import Request.
  Time since last request: 0.000458 seconds.
  path: Assets/Prefabs/AI_PixelSpon/Script/SpawnZone.cs
  artifactKey: Guid(ed332d974c1085740924a78786cfa469) Importer(815301076,1909f56bfc062723c751e8b465ee728b)
Start importing Assets/Prefabs/AI_PixelSpon/Script/SpawnZone.cs using Guid(ed332d974c1085740924a78786cfa469) Importer(815301076,1909f56bfc062723c751e8b465ee728b)  -> (artifact id: '085163ef1a0e96efa65df539c56095e8') in 0.070704 seconds 
  Import took 0.089715 seconds .

========================================================================
Received Import Request.
  Time since last request: 0.000341 seconds.
  path: Assets/PixelSpon
  artifactKey: Guid(5c6fb1d80d5310b4cb0600a873b82cbf) Importer(815301076,1909f56bfc062723c751e8b465ee728b)
Start importing Assets/PixelSpon using Guid(5c6fb1d80d5310b4cb0600a873b82cbf) Importer(815301076,1909f56bfc062723c751e8b465ee728b)  -> (artifact id: '0eda94f5d9c11e9aaffc94f40f0faf6d') in 0.027476 seconds 
  Import took 0.045107 seconds .

========================================================================
Received Import Request.
  Time since last request: 0.000438 seconds.
  path: Assets/Prefabs/AI_PixelSpon/Prefab
  artifactKey: Guid(af4b2de2ef53bcd458895c662ab92efc) Importer(815301076,1909f56bfc062723c751e8b465ee728b)
Start importing Assets/Prefabs/AI_PixelSpon/Prefab using Guid(af4b2de2ef53bcd458895c662ab92efc) Importer(815301076,1909f56bfc062723c751e8b465ee728b)  -> (artifact id: '4c7bafe557d2d9174b1198ebccb2189f') in 0.030886 seconds 
  Import took 0.053056 seconds .

========================================================================
Received Import Request.
  Time since last request: 0.000447 seconds.
  path: Assets/TextMesh Pro/Resources
  artifactKey: Guid(243e06394e614e5d99fab26083b707fa) Importer(815301076,1909f56bfc062723c751e8b465ee728b)
Start importing Assets/TextMesh Pro/Resources using Guid(243e06394e614e5d99fab26083b707fa) Importer(815301076,1909f56bfc062723c751e8b465ee728b)  -> (artifact id: '4305a6e5269f696f56eeda6f3c0730ab') in 0.024425 seconds 
  Import took 0.047846 seconds .

========================================================================
Received Import Request.
  Time since last request: 0.000487 seconds.
  path: Assets/Resources/Player_walk
  artifactKey: Guid(35457b7ca1cea644aaaca355146a6fce) Importer(815301076,1909f56bfc062723c751e8b465ee728b)
Start importing Assets/Resources/Player_walk using Guid(35457b7ca1cea644aaaca355146a6fce) Importer(815301076,1909f56bfc062723c751e8b465ee728b)  -> (artifact id: '3e47598784ac6c3ef477483ded34b7e0') in 0.031453 seconds 
  Import took 0.041671 seconds .

========================================================================
Received Import Request.
  Time since last request: 0.000575 seconds.
  path: Assets/Spine/Editor/spine-unity/Editor/Resources
  artifactKey: Guid(24903fdac57ee784b9597fcb751ec22f) Importer(815301076,1909f56bfc062723c751e8b465ee728b)
Start importing Assets/Spine/Editor/spine-unity/Editor/Resources using Guid(24903fdac57ee784b9597fcb751ec22f) Importer(815301076,1909f56bfc062723c751e8b465ee728b)  -> (artifact id: '848c4b14a78503eb082d39435d24d26f') in 0.023364 seconds 
  Import took 0.032017 seconds .

========================================================================
Received Import Request.
  Time since last request: 0.000342 seconds.
  path: Assets/Prefabs
  artifactKey: Guid(b678f8aae71fd54469d8c580612fceb3) Importer(815301076,1909f56bfc062723c751e8b465ee728b)
Start importing Assets/Prefabs using Guid(b678f8aae71fd54469d8c580612fceb3) Importer(815301076,1909f56bfc062723c751e8b465ee728b)  -> (artifact id: '328d5633819eb546bd709ab3cb0fd6f5') in 0.028983 seconds 
  Import took 0.101334 seconds .

========================================================================
Received Import Request.
  Time since last request: 0.000615 seconds.
  path: Assets/TextMesh Pro/Examples & Extras/Resources
  artifactKey: Guid(d6d3a169ad794942a21da6a552d62f6f) Importer(815301076,1909f56bfc062723c751e8b465ee728b)
Start importing Assets/TextMesh Pro/Examples & Extras/Resources using Guid(d6d3a169ad794942a21da6a552d62f6f) Importer(815301076,1909f56bfc062723c751e8b465ee728b)  -> (artifact id: '558a5cfee6067a4a36774a6ecb64a1a9') in 0.023267 seconds 
  Import took 0.031067 seconds .

========================================================================
Received Import Request.
  Time since last request: 0.000365 seconds.
  path: Assets/Prefabs/AI_PixelSpon/Script/Resource.cs
  artifactKey: Guid(070dac4fe3549314ba7d40c47a39327e) Importer(815301076,1909f56bfc062723c751e8b465ee728b)
Start importing Assets/Prefabs/AI_PixelSpon/Script/Resource.cs using Guid(070dac4fe3549314ba7d40c47a39327e) Importer(815301076,1909f56bfc062723c751e8b465ee728b)  -> (artifact id: 'dafc8f39d038b2eb5124207f2f631978') in 0.029140 seconds 
  Import took 0.051557 seconds .

========================================================================
Received Import Request.
  Time since last request: 0.000393 seconds.
  path: Assets/Prefabs/AI_PixelSpon/Prefab/PixelPiece.prefab
  artifactKey: Guid(1af41f72c623d4045821920f9fd06edc) Importer(815301076,1909f56bfc062723c751e8b465ee728b)
Start importing Assets/Prefabs/AI_PixelSpon/Prefab/PixelPiece.prefab using Guid(1af41f72c623d4045821920f9fd06edc) Importer(815301076,1909f56bfc062723c751e8b465ee728b)  -> (artifact id: '1f0e3115ddb0ab93100d9f961cec8c70') in 0.033376 seconds 
  Import took 0.041951 seconds .

========================================================================
Received Import Request.
  Time since last request: 0.000302 seconds.
  path: Assets/Prefabs/AI_PixelSpon/Prefab/SpawnZone.prefab
  artifactKey: Guid(393c0189e9659ee409822ec42ce26d38) Importer(815301076,1909f56bfc062723c751e8b465ee728b)
Start importing Assets/Prefabs/AI_PixelSpon/Prefab/SpawnZone.prefab using Guid(393c0189e9659ee409822ec42ce26d38) Importer(815301076,1909f56bfc062723c751e8b465ee728b)  -> (artifact id: '089f6fd1040eb95021f11fa49782e682') in 0.123781 seconds 
  Import took 0.131607 seconds .

========================================================================
Received Import Request.
  Time since last request: 7.054734 seconds.
  path: Assets/PixelSpon/Resource.cs
  artifactKey: Guid(d58b5b2e8971f164c97249315c9b3ba1) Importer(815301076,1909f56bfc062723c751e8b465ee728b)
Start importing Assets/PixelSpon/Resource.cs using Guid(d58b5b2e8971f164c97249315c9b3ba1) Importer(815301076,1909f56bfc062723c751e8b465ee728b)  -> (artifact id: 'ad0ffd1bb5033b1e7bae075be07dc779') in 0.024633 seconds 
  Import took 0.060551 seconds .

========================================================================
Received Import Request.
  Time since last request: 71.300273 seconds.
  path: Assets/TextMesh Pro/Examples & Extras/Resources/Sprite Assets/Default Sprite Asset.asset
  artifactKey: Guid(fbef3c704dce48f08a44612d6c856c8d) Importer(815301076,1909f56bfc062723c751e8b465ee728b)
Start importing Assets/TextMesh Pro/Examples & Extras/Resources/Sprite Assets/Default Sprite Asset.asset using Guid(fbef3c704dce48f08a44612d6c856c8d) Importer(815301076,1909f56bfc062723c751e8b465ee728b)  -> (artifact id: '4b97879f645f4af2465a445942611ac3') in 0.057651 seconds 
  Import took 0.076390 seconds .

========================================================================
Received Import Request.
  Time since last request: 0.000478 seconds.
  path: Assets/TextMesh Pro/Examples & Extras/Sprites/Default Sprites.png
  artifactKey: Guid(a0fc465d6cf04254a2938578735e2383) Importer(815301076,1909f56bfc062723c751e8b465ee728b)
Start importing Assets/TextMesh Pro/Examples & Extras/Sprites/Default Sprites.png using Guid(a0fc465d6cf04254a2938578735e2383) Importer(815301076,1909f56bfc062723c751e8b465ee728b)  -> (artifact id: '9516298cce1ed540266abb2a73d8bc6a') in 0.079644 seconds 
  Import took 0.087287 seconds .

========================================================================
Received Import Request.
  Time since last request: 0.000470 seconds.
  path: Assets/Spine/Editor/spine-unity/Editor/GUI/icon-spine.png
  artifactKey: Guid(4e7c964fa5e07024c8bf1debecc3b7c8) Importer(815301076,1909f56bfc062723c751e8b465ee728b)
Start importing Assets/Spine/Editor/spine-unity/Editor/GUI/icon-spine.png using Guid(4e7c964fa5e07024c8bf1debecc3b7c8) Importer(815301076,1909f56bfc062723c751e8b465ee728b)  -> (artifact id: '0d953b29fe7f989357b01c3b1e1368d8') in 0.101409 seconds 
  Import took 0.128185 seconds .

========================================================================
Received Import Request.
  Time since last request: 0.000392 seconds.
  path: Assets/Prefabs/StartScene/Prefaps/StartSceneEmptyObject.prefab
  artifactKey: Guid(efcfb01f55706f849abf39d8d48b59e9) Importer(815301076,1909f56bfc062723c751e8b465ee728b)
Start importing Assets/Prefabs/StartScene/Prefaps/StartSceneEmptyObject.prefab using Guid(efcfb01f55706f849abf39d8d48b59e9) Importer(815301076,1909f56bfc062723c751e8b465ee728b)  -> (artifact id: '8210939864e4419f9da8d28c7a930257') in 1.877108 seconds 
  Import took 1.949234 seconds .

========================================================================
Received Import Request.
  Time since last request: 17.149179 seconds.
  path: Assets/Scripts/PixelSpon/SpawnZone.cs
  artifactKey: Guid(144085c530f8b7a44baa25488bac3168) Importer(815301076,1909f56bfc062723c751e8b465ee728b)
Start importing Assets/Scripts/PixelSpon/SpawnZone.cs using Guid(144085c530f8b7a44baa25488bac3168) Importer(815301076,1909f56bfc062723c751e8b465ee728b)  -> (artifact id: 'e14f8d59240471d503417311ec1c63f8') in 0.023622 seconds 
  Import took 0.110763 seconds .

========================================================================
Received Import Request.
  Time since last request: 7.848875 seconds.
  path: Assets/Scripts
  artifactKey: Guid(f9150f628bbe6674a9054eb81d2c549f) Importer(815301076,1909f56bfc062723c751e8b465ee728b)
Start importing Assets/Scripts using Guid(f9150f628bbe6674a9054eb81d2c549f) Importer(815301076,1909f56bfc062723c751e8b465ee728b)  -> (artifact id: '0494560aab77b90c392c6e1ce3218219') in 0.030632 seconds 
  Import took 0.098773 seconds .

========================================================================
Received Import Request.
  Time since last request: 2.138613 seconds.
  path: Assets/Scripts/PixelSpon
  artifactKey: Guid(fd9aaa1783ea7ce419aabb6326dc20ea) Importer(815301076,1909f56bfc062723c751e8b465ee728b)
Start importing Assets/Scripts/PixelSpon using Guid(fd9aaa1783ea7ce419aabb6326dc20ea) Importer(815301076,1909f56bfc062723c751e8b465ee728b)  -> (artifact id: '91e290c56c026b6431af03513078dcf0') in 0.023347 seconds 
  Import took 0.105203 seconds .

========================================================================
Received Import Request.
  Time since last request: 11.121936 seconds.
  path: Assets/Scripts/FlowerBehaviour.cs
  artifactKey: Guid(c899d89cb3ff6c44ba745f0381adf215) Importer(815301076,1909f56bfc062723c751e8b465ee728b)
Start importing Assets/Scripts/FlowerBehaviour.cs using Guid(c899d89cb3ff6c44ba745f0381adf215) Importer(815301076,1909f56bfc062723c751e8b465ee728b)  -> (artifact id: 'a33195a52e2758472f5b277a3e57d500') in 0.033975 seconds 
  Import took 0.051297 seconds .

========================================================================
Received Import Request.
  Time since last request: 1.297080 seconds.
  path: Assets/Scripts/PixelpieceController.cs
  artifactKey: Guid(333e2129f24f6214cafa5558fa8a51e0) Importer(815301076,1909f56bfc062723c751e8b465ee728b)
Start importing Assets/Scripts/PixelpieceController.cs using Guid(333e2129f24f6214cafa5558fa8a51e0) Importer(815301076,1909f56bfc062723c751e8b465ee728b)  -> (artifact id: '46807d603e4a6034f6cd8daea98a7066') in 0.088837 seconds 
  Import took 0.171960 seconds .

========================================================================
Received Import Request.
  Time since last request: 2.088410 seconds.
  path: Assets/Scripts/PlayerMove.cs
  artifactKey: Guid(4f10c3d2e62de7f4080ffdfa13fa354c) Importer(815301076,1909f56bfc062723c751e8b465ee728b)
Start importing Assets/Scripts/PlayerMove.cs using Guid(4f10c3d2e62de7f4080ffdfa13fa354c) Importer(815301076,1909f56bfc062723c751e8b465ee728b)  -> (artifact id: '82797e25ee2ef44188df10684d2d7c86') in 0.134620 seconds 
  Import took 0.141692 seconds .

========================================================================
Received Import Request.
  Time since last request: 3.263147 seconds.
  path: Assets/Scripts/SponPixelManager.cs
  artifactKey: Guid(da2ce5eeba79ddf4aad7ced591eb3a14) Importer(815301076,1909f56bfc062723c751e8b465ee728b)
Start importing Assets/Scripts/SponPixelManager.cs using Guid(da2ce5eeba79ddf4aad7ced591eb3a14) Importer(815301076,1909f56bfc062723c751e8b465ee728b)  -> (artifact id: '58c99aa6e51f750e22c4dfdeaaaa8d5d') in 0.029908 seconds 
  Import took 0.037483 seconds .

========================================================================
Received Import Request.
  Time since last request: 3.308938 seconds.
  path: Assets/Scripts/SponPosManager.cs
  artifactKey: Guid(bc523f1dde59b0b4a93b97e2399afb07) Importer(815301076,1909f56bfc062723c751e8b465ee728b)
Start importing Assets/Scripts/SponPosManager.cs using Guid(bc523f1dde59b0b4a93b97e2399afb07) Importer(815301076,1909f56bfc062723c751e8b465ee728b)  -> (artifact id: 'bc3b497204f7dbf18362f5177a0a5916') in 0.029189 seconds 
  Import took 0.036365 seconds .

========================================================================
Received Import Request.
  Time since last request: 24.154916 seconds.
  path: Assets/Prefabs/TAB_QuestStstem/Prefab/QuestDataManager.prefab
  artifactKey: Guid(a6f5c85563dc6fd4086aaf17394b054d) Importer(815301076,1909f56bfc062723c751e8b465ee728b)
Start importing Assets/Prefabs/TAB_QuestStstem/Prefab/QuestDataManager.prefab using Guid(a6f5c85563dc6fd4086aaf17394b054d) Importer(815301076,1909f56bfc062723c751e8b465ee728b)  -> (artifact id: '671ba02b4b045d4bb5624a849aab2158') in 0.124044 seconds 
  Import took 0.131706 seconds .

========================================================================
Received Import Request.
  Time since last request: 0.000576 seconds.
  path: Assets/Resources/Prefabs/QuestFlag.prefab
  artifactKey: Guid(ad219ff292009884b89487b3d60a4554) Importer(815301076,1909f56bfc062723c751e8b465ee728b)
Start importing Assets/Resources/Prefabs/QuestFlag.prefab using Guid(ad219ff292009884b89487b3d60a4554) Importer(815301076,1909f56bfc062723c751e8b465ee728b)  -> (artifact id: 'f3571837350f9bcd51b2d602f7fe0922') in 0.111820 seconds 
  Import took 0.119471 seconds .

========================================================================
Received Import Request.
  Time since last request: 0.000686 seconds.
  path: Assets/UISystem/QuestSystmUI/QuestTitleBtn.prefab
  artifactKey: Guid(7b1fa1910cbb0514fb499a307127b826) Importer(815301076,1909f56bfc062723c751e8b465ee728b)
Start importing Assets/UISystem/QuestSystmUI/QuestTitleBtn.prefab using Guid(7b1fa1910cbb0514fb499a307127b826) Importer(815301076,1909f56bfc062723c751e8b465ee728b)  -> (artifact id: '9c2530230c067ae42c05ee77d4bcdad6') in 0.033529 seconds 
  Import took 0.039909 seconds .

========================================================================
Received Import Request.
  Time since last request: 0.000498 seconds.
  path: Assets/Prefabs/TAB_QuestStstem/questmark.png
  artifactKey: Guid(1020a8def4364414ab9705445f792a50) Importer(815301076,1909f56bfc062723c751e8b465ee728b)
Start importing Assets/Prefabs/TAB_QuestStstem/questmark.png using Guid(1020a8def4364414ab9705445f792a50) Importer(815301076,1909f56bfc062723c751e8b465ee728b)  -> (artifact id: '457ac94213286d943a61ad26d48c0f96') in 0.068814 seconds 
  Import took 0.090367 seconds .

========================================================================
Received Import Request.
  Time since last request: 0.000343 seconds.
  path: Assets/Prefabs/TAB_QuestStstem/Prefab/QuestTitleBtn.prefab
  artifactKey: Guid(9f396d5829b21f744bd4a101ee09cb0e) Importer(815301076,1909f56bfc062723c751e8b465ee728b)
Start importing Assets/Prefabs/TAB_QuestStstem/Prefab/QuestTitleBtn.prefab using Guid(9f396d5829b21f744bd4a101ee09cb0e) Importer(815301076,1909f56bfc062723c751e8b465ee728b)  -> (artifact id: 'e22fa2551036dc5c8d5b3db726f48106') in 0.030526 seconds 
  Import took 0.038369 seconds .

========================================================================
Received Import Request.
  Time since last request: 2.390816 seconds.
  path: Assets/Prefabs/TAB_QuestStstem/Script/Quest.cs
  artifactKey: Guid(cc1b2329c57757747bcb865796ad3b30) Importer(815301076,1909f56bfc062723c751e8b465ee728b)
Start importing Assets/Prefabs/TAB_QuestStstem/Script/Quest.cs using Guid(cc1b2329c57757747bcb865796ad3b30) Importer(815301076,1909f56bfc062723c751e8b465ee728b)  -> (artifact id: 'c24d6aeabeae0a54920702c2ca9a78c2') in 0.035519 seconds 
  Import took 0.042999 seconds .

========================================================================
Received Import Request.
  Time since last request: 0.000562 seconds.
  path: Assets/Prefabs/TAB_QuestStstem/Script/Quest.cs
  artifactKey: Guid(cc1b2329c57757747bcb865796ad3b30) Importer(815301076,1909f56bfc062723c751e8b465ee728b)
Start importing Assets/Prefabs/TAB_QuestStstem/Script/Quest.cs using Guid(cc1b2329c57757747bcb865796ad3b30) Importer(815301076,1909f56bfc062723c751e8b465ee728b)  -> (artifact id: 'c24d6aeabeae0a54920702c2ca9a78c2') in 0.021581 seconds 
  Import took 0.030373 seconds .

========================================================================
Received Import Request.
  Time since last request: 14.205699 seconds.
  path: Assets/UISystem/QuestSystmUI/Quest.cs
  artifactKey: Guid(28c58a3a4537f704b83723e5e1e11eaf) Importer(815301076,1909f56bfc062723c751e8b465ee728b)
Start importing Assets/UISystem/QuestSystmUI/Quest.cs using Guid(28c58a3a4537f704b83723e5e1e11eaf) Importer(815301076,1909f56bfc062723c751e8b465ee728b)  -> (artifact id: 'e25eaff0593cd6ac6873026b1a7bbf98') in 0.026961 seconds 
  Import took 0.034492 seconds .

========================================================================
Received Import Request.
  Time since last request: 42.189034 seconds.
  path: Assets/UISystem
  artifactKey: Guid(3c041e6e68089504e8e3a6525776d653) Importer(815301076,1909f56bfc062723c751e8b465ee728b)
Start importing Assets/UISystem using Guid(3c041e6e68089504e8e3a6525776d653) Importer(815301076,1909f56bfc062723c751e8b465ee728b)  -> (artifact id: 'd39c2c3ff9667e734f4978f9cb3a113b') in 0.053334 seconds 
  Import took 0.397727 seconds .

========================================================================
Received Prepare
Registering precompiled user dll's ...
Registered in 0.664314 seconds.
Begin MonoManager ReloadAssembly
Native extension for WindowsStandalone target not found
Refreshing native plugins compatible for Editor in 1.24 ms, found 4 plugins.
Preloading 0 native plugins for Editor in 0.00 ms.
Mono: successfully reloaded assembly
- Completed reload, in  2.414 seconds
Platform modules already initialized, skipping
Refreshing native plugins compatible for Editor in 1.02 ms, found 4 plugins.
Preloading 0 native plugins for Editor in 0.00 ms.
Unloading 2500 Unused Serialized files (Serialized files now loaded: 0)
System memory in use before: 120.5 MB.
System memory in use after: 119.6 MB.

Unloading 55 unused Assets to reduce memory usage. Loaded Objects now: 3001.
Total: 4.809800 ms (FindLiveObjects: 0.343000 ms CreateObjectMapping: 0.200000 ms MarkObjects: 3.058600 ms  DeleteObjects: 1.206800 ms)

AssetImportParameters requested are different than current active one (requested -> active):
  custom:framework-win-MediaFoundation: 216162199b28c13a410421893ffa2e32 -> 
  custom:video-decoder-ogg-theora: a1e56fd34408186e4bbccfd4996cb3dc -> 
  custom:container-muxer-webm: aa71ff27fc2769a1b78a27578f13a17b -> 
  custom:container-demuxer-webm: 4f35f7cbe854078d1ac9338744f61a02 -> 
  custom:container-demuxer-ogg: 62fdf1f143b41e24485cea50d1cbac27 -> 
  custom:video-encoder-webm-vp8: eb34c28f22e8b96e1ab97ce403110664 -> 
  custom:video-decoder-webm-vp8: 9c59270c3fd7afecdb556c50c9e8de78 -> 
  custom:audio-decoder-ogg-vorbis: bf7c407c2cedff20999df2af8eb42d56 -> 
  custom:audio-encoder-webm-vorbis: bf7c407c2cedff20999df2af8eb42d56 -> 
========================================================================
Received Import Request.
  Time since last request: 86.874144 seconds.
  path: Assets/GameManager.prefab
  artifactKey: Guid(594476d22d779a349bbd376bae7f15de) Importer(815301076,1909f56bfc062723c751e8b465ee728b)
Start importing Assets/GameManager.prefab using Guid(594476d22d779a349bbd376bae7f15de) Importer(815301076,1909f56bfc062723c751e8b465ee728b)  -> (artifact id: '0a1c027b84333aef5cbcd1e97716f0c1') in 1.286512 seconds 
  Import took 1.296034 seconds .

========================================================================
Received Import Request.
  Time since last request: 46.836406 seconds.
  path: Assets/Scenes
  artifactKey: Guid(71f425284afa60b40a6ff671d0e935a5) Importer(815301076,1909f56bfc062723c751e8b465ee728b)
Start importing Assets/Scenes using Guid(71f425284afa60b40a6ff671d0e935a5) Importer(815301076,1909f56bfc062723c751e8b465ee728b)  -> (artifact id: '60781ceda8dbe6183a793d27565d611a') in 0.027229 seconds 
  Import took 0.101667 seconds .

========================================================================
Received Import Request.
  Time since last request: 1.720079 seconds.
  path: Assets/Scenes/StartScene.unity
  artifactKey: Guid(ef50de089edaf894cad8f0e75d0d3afa) Importer(815301076,1909f56bfc062723c751e8b465ee728b)
Start importing Assets/Scenes/StartScene.unity using Guid(ef50de089edaf894cad8f0e75d0d3afa) Importer(815301076,1909f56bfc062723c751e8b465ee728b)  -> (artifact id: 'c9b9d04877b5de7a57ceda2b7a9352f5') in 0.033610 seconds 
  Import took 0.172096 seconds .

AssetImportWorkerClient::OnTransportError - code=2 error=End of file
